<?xml version="1.0" encoding="UTF-8"?>
<!-- Generated by org.testng.reporters.JUnitXMLReporter -->
<testsuite ignored="0" hostname="DESKTOP-1HAR8JH" failures="0" tests="3" name="Default test" time="0.282" errors="0" timestamp="2022-10-03T13:06:34 IST">
  <testcase classname="TestPack.TestNGClass" name="@BeforeTest launchBrowser" time="-1.664782593642E9">
    <failure type="org.testng.TestNGException" message="
Parameter &amp;apos;browser&amp;apos; is required by BeforeTest on method launchBrowser but has not been marked @Optional or defined
in C:\Users\Hi-Tech Computers\AppData\Local\Temp\testng-eclipse-1733956569\testng-customsuite.xml">
      <![CDATA[org.testng.TestNGException: 
Parameter 'browser' is required by BeforeTest on method launchBrowser but has not been marked @Optional or defined
in C:\Users\Hi-Tech Computers\AppData\Local\Temp\testng-eclipse-1733956569\testng-customsuite.xml
at org.testng.internal.Parameters.createParams(Parameters.java:270)
at org.testng.internal.Parameters.createParametersForMethod(Parameters.java:358)
at org.testng.internal.Parameters.createParameters(Parameters.java:700)
at org.testng.internal.Parameters.createConfigurationParameters(Parameters.java:168)
at org.testng.internal.ConfigInvoker.invokeConfigurations(ConfigInvoker.java:302)
at org.testng.TestRunner.invokeTestConfigurations(TestRunner.java:637)
at org.testng.TestRunner.beforeRun(TestRunner.java:627)
at org.testng.TestRunner.run(TestRunner.java:589)
at org.testng.SuiteRunner.runTest(SuiteRunner.java:377)
at org.testng.SuiteRunner.runSequentially(SuiteRunner.java:371)
at org.testng.SuiteRunner.privateRun(SuiteRunner.java:332)
at org.testng.SuiteRunner.run(SuiteRunner.java:276)
at org.testng.SuiteRunnerWorker.runSuite(SuiteRunnerWorker.java:53)
at org.testng.SuiteRunnerWorker.run(SuiteRunnerWorker.java:96)
at org.testng.TestNG.runSuitesSequentially(TestNG.java:1212)
at org.testng.TestNG.runSuitesLocally(TestNG.java:1134)
at org.testng.TestNG.runSuites(TestNG.java:1063)
at org.testng.TestNG.run(TestNG.java:1031)
at org.testng.remote.AbstractRemoteTestNG.run(AbstractRemoteTestNG.java:115)
at org.testng.remote.RemoteTestNG.initAndRun(RemoteTestNG.java:251)
at org.testng.remote.RemoteTestNG.main(RemoteTestNG.java:77)
]]>
    </failure>
  </testcase> <!-- @BeforeTest launchBrowser -->
  <testcase classname="TestPack.TestNGClass" name="@BeforeClass createPOMObjects" time="-1.664782593753E9">
    <skipped/>
  </testcase> <!-- @BeforeClass createPOMObjects -->
  <testcase classname="TestPack.TestNGClass" name="@BeforeMethod goToRoomPage" time="-1.66478259379E9">
    <skipped/>
  </testcase> <!-- @BeforeMethod goToRoomPage -->
  <testcase classname="TestPack.TestNGClass" name="@AfterMethod afterMetod" time="-1.664782593813E9">
    <skipped/>
  </testcase> <!-- @AfterMethod afterMetod -->
  <testcase classname="TestPack.TestNGClass" name="@BeforeMethod goToRoomPage" time="-1.66478259383E9">
    <skipped/>
  </testcase> <!-- @BeforeMethod goToRoomPage -->
  <testcase classname="TestPack.TestNGClass" name="@AfterMethod afterMetod" time="-1.664782593855E9">
    <skipped/>
  </testcase> <!-- @AfterMethod afterMetod -->
  <testcase classname="TestPack.TestNGClass" name="@BeforeMethod goToRoomPage" time="-1.664782593864E9">
    <skipped/>
  </testcase> <!-- @BeforeMethod goToRoomPage -->
  <testcase classname="TestPack.TestNGClass" name="@AfterMethod afterMetod" time="-1.664782593882E9">
    <skipped/>
  </testcase> <!-- @AfterMethod afterMetod -->
  <testcase classname="TestPack.TestNGClass" name="@AfterClass removeObjects" time="-1.664782593899E9">
    <skipped/>
  </testcase> <!-- @AfterClass removeObjects -->
  <testcase classname="TestPack.TestNGClass" name="@AfterTest closeBrowser" time="-1.664782593902E9">
    <skipped/>
  </testcase> <!-- @AfterTest closeBrowser -->
  <testcase classname="TestPack.TestNGClass" name="LoginApplication" time="0.0">
    <skipped/>
  </testcase> <!-- LoginApplication -->
  <testcase classname="TestPack.TestNGClass" name="verifyContactToHelpCenterButton" time="0.0">
    <skipped/>
  </testcase> <!-- verifyContactToHelpCenterButton -->
  <testcase classname="TestPack.TestNGClass" name="verifyGotoMessengerButton" time="0.0">
    <skipped/>
  </testcase> <!-- verifyGotoMessengerButton -->
</testsuite> <!-- Default test -->
